<?xml version="1.0" encoding="UTF-8"?>
<!-- Generated by org.testng.reporters.JUnitReportReporter -->
<testsuite hostname="LAPTOP-VUS70AEF" name="Project.teste_coded.testclass" tests="1" failures="0" timestamp="15 Jun 2019 15:37:44 GMT" time="0.015" errors="0">
  <testcase name="f" time="0.015" classname="Project.teste_coded.testclass"/>
</testsuite> <!-- Project.teste_coded.testclass -->
